<?xml version="1.0" encoding="UTF-8"?>
<coverage generated="1652982818539" clover="3.2.0">
  <project timestamp="1652982818539" name="All files">
    <metrics statements="18" coveredstatements="16" conditionals="22" coveredconditionals="19" methods="5" coveredmethods="5" elements="45" coveredelements="40" complexity="0" loc="18" ncloc="18" packages="1" files="1" classes="1"/>
    <file name="sum.js" path="/Users/stephencastaneda/Playground/jestTest/sum.js">
      <metrics statements="18" coveredstatements="16" conditionals="22" coveredconditionals="19" methods="5" coveredmethods="5"/>
      <line num="1" count="1" type="stmt"/>
      <line num="2" count="14" type="stmt"/>
      <line num="3" count="11" type="stmt"/>
      <line num="4" count="5" type="stmt"/>
      <line num="7" count="8" type="cond" truecount="2" falsecount="0"/>
      <line num="8" count="1" type="stmt"/>
      <line num="9" count="7" type="cond" truecount="4" falsecount="0"/>
      <line num="10" count="1" type="stmt"/>
      <line num="11" count="6" type="cond" truecount="4" falsecount="0"/>
      <line num="12" count="2" type="stmt"/>
      <line num="13" count="4" type="cond" truecount="4" falsecount="0"/>
      <line num="14" count="3" type="stmt"/>
      <line num="15" count="1" type="cond" truecount="3" falsecount="1"/>
      <line num="16" count="0" type="stmt"/>
      <line num="17" count="1" type="cond" truecount="2" falsecount="2"/>
      <line num="18" count="1" type="stmt"/>
      <line num="20" count="0" type="stmt"/>
      <line num="25" count="1" type="stmt"/>
    </file>
  </project>
</coverage>
