{"/Users/stephencastaneda/Playground/jestTest/sum.js": {"path":"/Users/stephencastaneda/Playground/jestTest/sum.js","statementMap":{"0":{"start":{"line":1,"column":17},"end":{"line":1,"column":45}},"1":{"start":{"line":1,"column":24},"end":{"line":1,"column":45}},"2":{"start":{"line":2,"column":17},"end":{"line":2,"column":45}},"3":{"start":{"line":2,"column":24},"end":{"line":2,"column":45}},"4":{"start":{"line":3,"column":18},"end":{"line":3,"column":47}},"5":{"start":{"line":3,"column":25},"end":{"line":3,"column":47}},"6":{"start":{"line":4,"column":17},"end":{"line":4,"column":45}},"7":{"start":{"line":4,"column":24},"end":{"line":4,"column":45}},"8":{"start":{"line":7,"column":2},"end":{"line":21,"column":4}},"9":{"start":{"line":8,"column":3},"end":{"line":8,"column":44}},"10":{"start":{"line":9,"column":9},"end":{"line":21,"column":4}},"11":{"start":{"line":10,"column":5},"end":{"line":10,"column":46}},"12":{"start":{"line":11,"column":10},"end":{"line":21,"column":4}},"13":{"start":{"line":12,"column":5},"end":{"line":12,"column":46}},"14":{"start":{"line":13,"column":10},"end":{"line":21,"column":4}},"15":{"start":{"line":14,"column":5},"end":{"line":14,"column":46}},"16":{"start":{"line":15,"column":10},"end":{"line":21,"column":4}},"17":{"start":{"line":16,"column":5},"end":{"line":16,"column":46}},"18":{"start":{"line":17,"column":10},"end":{"line":21,"column":4}},"19":{"start":{"line":18,"column":5},"end":{"line":18,"column":17}},"20":{"start":{"line":20,"column":5},"end":{"line":20,"column":13}},"21":{"start":{"line":25,"column":0},"end":{"line":25,"column":20}}},"fnMap":{"0":{"name":"(anonymous_0)","decl":{"start":{"line":1,"column":17},"end":{"line":1,"column":18}},"loc":{"start":{"line":1,"column":24},"end":{"line":1,"column":45}},"line":1},"1":{"name":"(anonymous_1)","decl":{"start":{"line":2,"column":17},"end":{"line":2,"column":18}},"loc":{"start":{"line":2,"column":24},"end":{"line":2,"column":45}},"line":2},"2":{"name":"(anonymous_2)","decl":{"start":{"line":3,"column":18},"end":{"line":3,"column":19}},"loc":{"start":{"line":3,"column":25},"end":{"line":3,"column":47}},"line":3},"3":{"name":"(anonymous_3)","decl":{"start":{"line":4,"column":17},"end":{"line":4,"column":18}},"loc":{"start":{"line":4,"column":24},"end":{"line":4,"column":45}},"line":4},"4":{"name":"sum","decl":{"start":{"line":6,"column":9},"end":{"line":6,"column":12}},"loc":{"start":{"line":6,"column":19},"end":{"line":22,"column":2}},"line":6}},"branchMap":{"0":{"loc":{"start":{"line":7,"column":2},"end":{"line":21,"column":4}},"type":"if","locations":[{"start":{"line":7,"column":2},"end":{"line":21,"column":4}},{"start":{"line":9,"column":9},"end":{"line":21,"column":4}}],"line":7},"1":{"loc":{"start":{"line":9,"column":9},"end":{"line":21,"column":4}},"type":"if","locations":[{"start":{"line":9,"column":9},"end":{"line":21,"column":4}},{"start":{"line":11,"column":10},"end":{"line":21,"column":4}}],"line":9},"2":{"loc":{"start":{"line":9,"column":13},"end":{"line":9,"column":39}},"type":"binary-expr","locations":[{"start":{"line":9,"column":13},"end":{"line":9,"column":24}},{"start":{"line":9,"column":28},"end":{"line":9,"column":39}}],"line":9},"3":{"loc":{"start":{"line":11,"column":10},"end":{"line":21,"column":4}},"type":"if","locations":[{"start":{"line":11,"column":10},"end":{"line":21,"column":4}},{"start":{"line":13,"column":10},"end":{"line":21,"column":4}}],"line":11},"4":{"loc":{"start":{"line":11,"column":14},"end":{"line":11,"column":42}},"type":"binary-expr","locations":[{"start":{"line":11,"column":14},"end":{"line":11,"column":26}},{"start":{"line":11,"column":30},"end":{"line":11,"column":42}}],"line":11},"5":{"loc":{"start":{"line":13,"column":10},"end":{"line":21,"column":4}},"type":"if","locations":[{"start":{"line":13,"column":10},"end":{"line":21,"column":4}},{"start":{"line":15,"column":10},"end":{"line":21,"column":4}}],"line":13},"6":{"loc":{"start":{"line":13,"column":14},"end":{"line":13,"column":40}},"type":"binary-expr","locations":[{"start":{"line":13,"column":14},"end":{"line":13,"column":25}},{"start":{"line":13,"column":29},"end":{"line":13,"column":40}}],"line":13},"7":{"loc":{"start":{"line":15,"column":10},"end":{"line":21,"column":4}},"type":"if","locations":[{"start":{"line":15,"column":10},"end":{"line":21,"column":4}},{"start":{"line":17,"column":10},"end":{"line":21,"column":4}}],"line":15},"8":{"loc":{"start":{"line":15,"column":14},"end":{"line":15,"column":34}},"type":"binary-expr","locations":[{"start":{"line":15,"column":14},"end":{"line":15,"column":22}},{"start":{"line":15,"column":26},"end":{"line":15,"column":34}}],"line":15},"9":{"loc":{"start":{"line":17,"column":10},"end":{"line":21,"column":4}},"type":"if","locations":[{"start":{"line":17,"column":10},"end":{"line":21,"column":4}},{"start":{"line":19,"column":10},"end":{"line":21,"column":4}}],"line":17},"10":{"loc":{"start":{"line":17,"column":14},"end":{"line":17,"column":40}},"type":"binary-expr","locations":[{"start":{"line":17,"column":14},"end":{"line":17,"column":25}},{"start":{"line":17,"column":29},"end":{"line":17,"column":40}}],"line":17}},"s":{"0":1,"1":1,"2":1,"3":14,"4":1,"5":11,"6":1,"7":5,"8":8,"9":1,"10":7,"11":1,"12":6,"13":2,"14":4,"15":3,"16":1,"17":0,"18":1,"19":1,"20":0,"21":1},"f":{"0":1,"1":14,"2":11,"3":5,"4":8},"b":{"0":[1,7],"1":[1,6],"2":[7,7],"3":[2,4],"4":[6,5],"5":[3,1],"6":[4,1],"7":[0,1],"8":[1,1],"9":[1,0],"10":[1,0]},"_coverageSchema":"1a1c01bbd47fc00a2c39e90264f33305004495a9","hash":"20ed918ae28b7dde0725794be1cc90c44e886855"}
}
