TN:
SF:sum.js
FN:1,(anonymous_0)
FN:2,(anonymous_1)
FN:3,(anonymous_2)
FN:4,(anonymous_3)
FN:6,sum
FNF:5
FNH:5
FNDA:1,(anonymous_0)
FNDA:14,(anonymous_1)
FNDA:11,(anonymous_2)
FNDA:5,(anonymous_3)
FNDA:8,sum
DA:1,1
DA:2,14
DA:3,11
DA:4,5
DA:7,8
DA:8,1
DA:9,7
DA:10,1
DA:11,6
DA:12,2
DA:13,4
DA:14,3
DA:15,1
DA:16,0
DA:17,1
DA:18,1
DA:20,0
DA:25,1
LF:18
LH:16
BRDA:7,0,0,1
BRDA:7,0,1,7
BRDA:9,1,0,1
BRDA:9,1,1,6
BRDA:9,2,0,7
BRDA:9,2,1,7
BRDA:11,3,0,2
BRDA:11,3,1,4
BRDA:11,4,0,6
BRDA:11,4,1,5
BRDA:13,5,0,3
BRDA:13,5,1,1
BRDA:13,6,0,4
BRDA:13,6,1,1
BRDA:15,7,0,0
BRDA:15,7,1,1
BRDA:15,8,0,1
BRDA:15,8,1,1
BRDA:17,9,0,1
BRDA:17,9,1,0
BRDA:17,10,0,1
BRDA:17,10,1,0
BRF:22
BRH:19
end_of_record
